<?xml version="1.0" encoding="UTF-8"?>
<beans xmlns="http://www.springframework.org/schema/beans"
       xmlns:xsi="http://www.w3.org/2001/XMLSchema-instance"
       xmlns:context="http://www.springframework.org/schema/context"
       xmlns:tx="http://www.springframework.org/schema/tx"
       xmlns:p="http://www.springframework.org/schema/p"
       xsi:schemaLocation="http://www.springframework.org/schema/beans
       http://www.springframework.org/schema/beans/spring-beans.xsd
       http://www.springframework.org/schema/context
       http://www.springframework.org/schema/context/spring-context.xsd
       http://www.springframework.org/schema/tx
       http://www.springframework.org/schema/tx/spring-tx.xsd">

    <!--CONTEXT  ++++++++++++++++++++++++++++++++++++++++++++++++++++++-->
    <context:component-scan base-package="com.gmail.kramarenko104"/>
    <context:annotation-config/>
    <context:property-placeholder location="classpath:test.properties" />

    <!-- TransactionManager ++++++++++++++++++++++++++++++++++++++++++++++++++++++-->
    <bean id="txManager" class="org.springframework.orm.jpa.JpaTransactionManager"
          p:entityManagerFactory-ref="emf"/>

    <tx:annotation-driven transaction-manager="txManager" proxy-target-class="true"/>

    <!--Persistence++++++++++++++++++++++++++++++++++++++++++++-->
    <bean id="emf" class="org.springframework.orm.jpa.LocalContainerEntityManagerFactoryBean">
        <property name="jpaVendorAdapter">
            <bean class="org.springframework.orm.jpa.vendor.HibernateJpaVendorAdapter"/>
        </property>

        <!--instead of: <property name="persistenceUnitName" value="testPersistence"/>-->
        <property name="packagesToScan">
            <value>com.gmail.kramarenko104.model</value>
            <value>com.gmail.kramarenko104.repositories</value>
        </property>

        <property name="jpaProperties">
            <props>
                <prop key="provider">org.hibernate.jpa.HibernatePersistenceProvider</prop>
                <prop key="javax.persistence.jdbc.driverClassName">${db.driver}</prop>
                <prop key="javax.persistence.jdbcUrl">${db.url}</prop>
                <prop key="javax.persistence.jdbc.user">${db.user}</prop>
                <prop key="javax.persistence.jdbc.password">${db.password}</prop>
                <prop key="hibernate.dialect">${hibernate.dialect}</prop>
                <prop key="hibernate.hbm2ddl.auto">update</prop>
                <prop key="hibernate.show_sql">false</prop>
                <prop key="hibernate.format_sql">true</prop>
                <prop key="hibernate.current_session_context_class">thread</prop>
                <prop key="hiberante.connection.characterEncoding">utf8</prop>
                <prop key="hibernate.connection.provider_class">
                    org.hibernate.hikaricp.internal.HikariCPConnectionProvider
                </prop>
                <prop key="hibernate.hikari.minimumIdle">${hikari.minimumIdle}</prop>
                <prop key="hibernate.hikari.maximumPoolSize">${hikari.maximumPoolSize}</prop>
                <prop key="hibernate.hikari.idleTimeout">${hikari.idleTimeout}</prop>
            </props>
        </property>
    </bean>
</beans>